<?xml version="1.0" encoding="UTF-8"?>
<!-- Generated by org.testng.reporters.JUnitXMLReporter -->
<testsuite ignored="10" hostname="DESKTOP-6NQ8E1M" failures="4" tests="9" name="Test" time="61.585" errors="0" timestamp="2024-11-23T00:11:26 IST">
  <testcase classname="test.LoginPageTest" name="LoginToAdactin" time="0.99"/>
  <testcase classname="test.TS_001_LoginWithParametersTest" name="LoginwithParameter" time="0.969"/>
  <testcase classname="test.TS_001_LoginWithParametersTest" name="LoginwithParameter" time="0.741">
    <failure type="junit.framework.ComparisonFailure" message="expected:&amp;lt;...index...&amp;gt; but was:&amp;lt;...SearchHotel...&amp;gt;">
      <![CDATA[junit.framework.ComparisonFailure: expected:<...index...> but was:<...SearchHotel...>
at junit.framework.Assert.assertEquals(Assert.java:81)
at junit.framework.Assert.assertEquals(Assert.java:87)
at pages.LoginWithParametersPage.clickOnLogin(LoginWithParametersPage.java:43)
at test.TS_001_LoginWithParametersTest.LoginwithParameter(TS_001_LoginWithParametersTest.java:32)
at java.base/java.util.ArrayList.forEach(ArrayList.java:1511)
... Removed 27 stack frames]]>
    </failure>
  </testcase> <!-- LoginwithParameter -->
  <testcase classname="test.TS_001_LoginWithParametersTest" name="LoginwithParameter" time="0.615">
    <failure type="junit.framework.ComparisonFailure" message="expected:&amp;lt;...index...&amp;gt; but was:&amp;lt;...SearchHotel...&amp;gt;">
      <![CDATA[junit.framework.ComparisonFailure: expected:<...index...> but was:<...SearchHotel...>
at junit.framework.Assert.assertEquals(Assert.java:81)
at junit.framework.Assert.assertEquals(Assert.java:87)
at pages.LoginWithParametersPage.clickOnLogin(LoginWithParametersPage.java:43)
at test.TS_001_LoginWithParametersTest.LoginwithParameter(TS_001_LoginWithParametersTest.java:32)
at java.base/java.util.ArrayList.forEach(ArrayList.java:1511)
... Removed 27 stack frames]]>
    </failure>
  </testcase> <!-- LoginwithParameter -->
  <testcase classname="test.TS_001_LoginWithParametersTest" name="LoginwithParameter" time="0.65">
    <failure type="junit.framework.ComparisonFailure" message="expected:&amp;lt;...index...&amp;gt; but was:&amp;lt;...SearchHotel...&amp;gt;">
      <![CDATA[junit.framework.ComparisonFailure: expected:<...index...> but was:<...SearchHotel...>
at junit.framework.Assert.assertEquals(Assert.java:81)
at junit.framework.Assert.assertEquals(Assert.java:87)
at pages.LoginWithParametersPage.clickOnLogin(LoginWithParametersPage.java:43)
at test.TS_001_LoginWithParametersTest.LoginwithParameter(TS_001_LoginWithParametersTest.java:32)
at java.base/java.util.ArrayList.forEach(ArrayList.java:1511)
... Removed 27 stack frames]]>
    </failure>
  </testcase> <!-- LoginwithParameter -->
  <testcase classname="test.TS_002_SearchHotelPageTest" name="setHotelDetails" time="13.138"/>
  <testcase classname="test.TS_003_CancelBookingPageTest" name="cancelBooking" time="5.708">
    <failure type="junit.framework.AssertionFailedError">
      <![CDATA[junit.framework.AssertionFailedError
at junit.framework.Assert.fail(Assert.java:47)
at junit.framework.Assert.assertTrue(Assert.java:20)
at junit.framework.Assert.assertTrue(Assert.java:27)
at pages.CancelBookingPage.clickOnCheckAll(CancelBookingPage.java:57)
at test.TS_003_CancelBookingPageTest.cancelBooking(TS_003_CancelBookingPageTest.java:44)
at java.base/java.util.ArrayList.forEach(ArrayList.java:1511)
... Removed 27 stack frames]]>
    </failure>
  </testcase> <!-- cancelBooking -->
  <testcase classname="test.TS_005_LogoutPageTest" name="clickOnLogout" time="1.69"/>
  <testcase classname="test.TS_004_ChangePasswordTest" name="changePassword" time="5.241"/>
  <testcase classname="base.ProjectSpecificMethod" name="@BeforeSuite report" time="0.0">
    <ignored/>
  </testcase> <!-- @BeforeSuite report -->
  <testcase classname="base.ProjectSpecificMethod" name="@AfterTest reportClose" time="0.0">
    <ignored/>
  </testcase> <!-- @AfterTest reportClose -->
  <testcase classname="base.ProjectSpecificMethod" name="@AfterTest reportClose" time="0.0">
    <ignored/>
  </testcase> <!-- @AfterTest reportClose -->
  <testcase classname="base.ProjectSpecificMethod" name="@BeforeSuite report" time="0.0">
    <ignored/>
  </testcase> <!-- @BeforeSuite report -->
  <testcase classname="base.ProjectSpecificMethod" name="@BeforeSuite report" time="0.0">
    <ignored/>
  </testcase> <!-- @BeforeSuite report -->
  <testcase classname="base.ProjectSpecificMethod" name="@AfterTest reportClose" time="0.0">
    <ignored/>
  </testcase> <!-- @AfterTest reportClose -->
  <testcase classname="base.ProjectSpecificMethod" name="@AfterTest reportClose" time="0.0">
    <ignored/>
  </testcase> <!-- @AfterTest reportClose -->
  <testcase classname="base.ProjectSpecificMethod" name="@BeforeSuite report" time="0.0">
    <ignored/>
  </testcase> <!-- @BeforeSuite report -->
  <testcase classname="base.ProjectSpecificMethod" name="@BeforeSuite report" time="0.0">
    <ignored/>
  </testcase> <!-- @BeforeSuite report -->
  <testcase classname="base.ProjectSpecificMethod" name="@AfterTest reportClose" time="0.0">
    <ignored/>
  </testcase> <!-- @AfterTest reportClose -->
</testsuite> <!-- Test -->
